<?xml version="1.0" encoding="UTF-8"?>
<!-- Generated by org.testng.reporters.JUnitReportReporter -->
<testsuite hostname="DESKTOP-E2LP31Q" name="com.nexttechitc.Testrunner.TestrunnerTestNG$TestRunner" tests="3" failures="0" timestamp="16 Jun 2023 00:43:53 GMT" time="41.734" errors="0">
  <testcase name="feature" time="12.673" classname="com.nexttechitc.Testrunner.TestrunnerTestNG$TestRunner"/>
  <testcase name="feature" time="14.682" classname="com.nexttechitc.Testrunner.TestrunnerTestNG$TestRunner"/>
  <testcase name="feature" time="14.379" classname="com.nexttechitc.Testrunner.TestrunnerTestNG$TestRunner"/>
</testsuite> <!-- com.nexttechitc.Testrunner.TestrunnerTestNG$TestRunner -->
